[debug] > Exec(;set _root_.scala.collection.Seq(historyPath := None,shellPrompt := { _ => "" },SettingKey[_root_.scala.Option[_root_.sbt.File]]("sbtStructureOutputFile") in _root_.sbt.Global := _root_.scala.Some(_root_.sbt.file("/private/var/folders/n4/1wv2gh9966b4kqh71rqvhsv40000gn/T/sbt-structure.xml")),SettingKey[_root_.java.lang.String]("sbtStructureOptions") in _root_.sbt.Global := "download, resolveSourceClassifiers, insertProjectTransitiveDependencies");apply -cp "/Users/nilanjan/Library/Application Support/JetBrains/IdeaIC2024.1/plugins/Scala/repo/org/jetbrains/scala/sbt-structure-extractor_2.12_1.3/2024.1.2/sbt-structure-extractor-2024.1.2.jar" "org.jetbrains.sbt.CreateTasks" "sbt.jetbrains.LogDownloadArtifacts";preferScala2;*/*:dumpStructure, Some(83a108a5-b44d-46b1-9d90-9e24d556a081), Some(CommandSource(console0)))
[debug] > Exec(set _root_.scala.collection.Seq(historyPath := None,shellPrompt := { _ => "" },SettingKey[_root_.scala.Option[_root_.sbt.File]]("sbtStructureOutputFile") in _root_.sbt.Global := _root_.scala.Some(_root_.sbt.file("/private/var/folders/n4/1wv2gh9966b4kqh71rqvhsv40000gn/T/sbt-structure.xml")),SettingKey[_root_.java.lang.String]("sbtStructureOptions") in _root_.sbt.Global := "download, resolveSourceClassifiers, insertProjectTransitiveDependencies"), None, Some(CommandSource(console0)))
[debug] jsonRpcNotify: JsonRpcNotificationMessage(2.0, shutdown, [false,null])
[debug] jsonRpcNotify: JsonRpcNotificationMessage(2.0, shutdown, [true,null])
[info] Defining Global / sbtStructureOptions, Global / sbtStructureOutputFile and 1 others.
[info] The new values will be used by cleanKeepGlobs
[info] 	Run `last` for details.
[debug] Defining 
[debug] 	Global / sbtStructureOptions
[debug] 	Global / sbtStructureOutputFile
[debug] 	history
[debug] 	shellPrompt
[debug] 
[debug] The new values will be used by 
[debug] 	cleanKeepGlobs
[info] Reapplying settings...
[info] set current project to spark (in build file:/Users/nilanjan/Documents/IT/BigData/Spark/Project/Spark%20with%20Neel/)
[debug] > Exec(apply -cp "/Users/nilanjan/Library/Application Support/JetBrains/IdeaIC2024.1/plugins/Scala/repo/org/jetbrains/scala/sbt-structure-extractor_2.12_1.3/2024.1.2/sbt-structure-extractor-2024.1.2.jar" "org.jetbrains.sbt.CreateTasks" "sbt.jetbrains.LogDownloadArtifacts", None, Some(CommandSource(console0)))
[info] Applying State transformations org.jetbrains.sbt.CreateTasks, sbt.jetbrains.LogDownloadArtifacts from /Users/nilanjan/Library/Application Support/JetBrains/IdeaIC2024.1/plugins/Scala/repo/org/jetbrains/scala/sbt-structure-extractor_2.12_1.3/2024.1.2/sbt-structure-extractor-2024.1.2.jar
[info] Reapplying settings...
[info] set current project to spark (in build file:/Users/nilanjan/Documents/IT/BigData/Spark/Project/Spark%20with%20Neel/)
[info] Reapplying settings...
[info] set current project to spark (in build file:/Users/nilanjan/Documents/IT/BigData/Spark/Project/Spark%20with%20Neel/)
[debug] > Exec(preferScala2, None, Some(CommandSource(console0)))
[debug] > Exec(*/*:dumpStructure, None, Some(CommandSource(console0)))
[debug] Evaluating tasks: Global / dumpStructure
[warn] sbt 0.13 shell syntax is deprecated; use slash syntax instead: Global / dumpStructure
[debug] Running task... Cancel: Signal, check cycles: false, forcegc: true
[warn] scala-library-2.13.8.jar no longer exists at /Users/nilanjan/Library/Caches/Coursier/v1/https/repo1.maven.org/maven2/org/scala-lang/scala-library/2.13.8/scala-library-2.13.8.jar
[info] downloading https://repo1.maven.org/maven2/org/slf4j/slf4j-log4j12/1.7.30/slf4j-log4j12-1.7.30.pom
[info] downloading https://repo1.maven.org/maven2/org/apache/spark/spark-sql_2.13/3.5.1/spark-sql_2.13-3.5.1.pom
[info] downloading https://repo1.maven.org/maven2/org/slf4j/slf4j-api/1.7.30/slf4j-api-1.7.30.pom
[info] downloading https://repo1.maven.org/maven2/org/apache/spark/spark-streaming_2.13/3.5.1/spark-streaming_2.13-3.5.1.pom
[info] downloading https://repo1.maven.org/maven2/org/apache/spark/spark-core_2.13/3.5.1/spark-core_2.13-3.5.1.pom
[info] downloading https://repo1.maven.org/maven2/log4j/log4j/1.2.17/log4j-1.2.17.pom
[info] downloaded https://repo1.maven.org/maven2/org/slf4j/slf4j-api/1.7.30/slf4j-api-1.7.30.pom
[info] downloaded https://repo1.maven.org/maven2/org/slf4j/slf4j-log4j12/1.7.30/slf4j-log4j12-1.7.30.pom
[info] downloaded https://repo1.maven.org/maven2/org/apache/spark/spark-streaming_2.13/3.5.1/spark-streaming_2.13-3.5.1.pom
[info] downloading https://repo1.maven.org/maven2/org/scala-lang/scala-library/2.13.8/scala-library-2.13.8.pom
[info] downloaded https://repo1.maven.org/maven2/org/apache/spark/spark-sql_2.13/3.5.1/spark-sql_2.13-3.5.1.pom
[info] downloaded https://repo1.maven.org/maven2/log4j/log4j/1.2.17/log4j-1.2.17.pom
[info] downloaded https://repo1.maven.org/maven2/org/apache/spark/spark-core_2.13/3.5.1/spark-core_2.13-3.5.1.pom
[info] downloaded https://repo1.maven.org/maven2/org/scala-lang/scala-library/2.13.8/scala-library-2.13.8.pom
[info] downloading https://repo1.maven.org/maven2/org/slf4j/slf4j-parent/1.7.30/slf4j-parent-1.7.30.pom
[info] downloading https://repo1.maven.org/maven2/org/apache/spark/spark-parent_2.13/3.5.1/spark-parent_2.13-3.5.1.pom
[info] downloaded https://repo1.maven.org/maven2/org/slf4j/slf4j-parent/1.7.30/slf4j-parent-1.7.30.pom
[info] downloaded https://repo1.maven.org/maven2/org/apache/spark/spark-parent_2.13/3.5.1/spark-parent_2.13-3.5.1.pom
[info] downloading https://repo1.maven.org/maven2/org/apache/apache/18/apache-18.pom
[info] downloaded https://repo1.maven.org/maven2/org/apache/apache/18/apache-18.pom
[info] downloading https://repo1.maven.org/maven2/org/apache/xbean/xbean-asm9-shaded/4.23/xbean-asm9-shaded-4.23.pom
[info] downloading https://repo1.maven.org/maven2/com/google/code/findbugs/jsr305/3.0.0/jsr305-3.0.0.pom
[info] downloading https://repo1.maven.org/maven2/org/apache/zookeeper/zookeeper/3.6.3/zookeeper-3.6.3.pom
[info] downloading https://repo1.maven.org/maven2/org/json4s/json4s-jackson_2.13/3.7.0-M11/json4s-jackson_2.13-3.7.0-M11.pom
[info] downloading https://repo1.maven.org/maven2/org/apache/orc/orc-mapreduce/1.9.2/orc-mapreduce-1.9.2.pom
[info] downloading https://repo1.maven.org/maven2/com/fasterxml/jackson/module/jackson-module-scala_2.13/2.15.2/jackson-module-scala_2.13-2.15.2.pom
[info] downloaded https://repo1.maven.org/maven2/org/apache/xbean/xbean-asm9-shaded/4.23/xbean-asm9-shaded-4.23.pom
[info] downloaded https://repo1.maven.org/maven2/com/fasterxml/jackson/module/jackson-module-scala_2.13/2.15.2/jackson-module-scala_2.13-2.15.2.pom
[info] downloaded https://repo1.maven.org/maven2/org/json4s/json4s-jackson_2.13/3.7.0-M11/json4s-jackson_2.13-3.7.0-M11.pom
[info] downloading https://repo1.maven.org/maven2/io/dropwizard/metrics/metrics-jvm/4.2.19/metrics-jvm-4.2.19.pom
[info] downloading https://repo1.maven.org/maven2/org/apache/hadoop/hadoop-client-runtime/3.3.4/hadoop-client-runtime-3.3.4.pom
[info] downloading https://repo1.maven.org/maven2/org/apache/spark/spark-tags_2.13/3.5.1/spark-tags_2.13-3.5.1.pom
[info] downloaded https://repo1.maven.org/maven2/com/google/code/findbugs/jsr305/3.0.0/jsr305-3.0.0.pom
[info] downloading https://repo1.maven.org/maven2/org/apache/commons/commons-compress/1.23.0/commons-compress-1.23.0.pom
[info] downloaded https://repo1.maven.org/maven2/org/apache/orc/orc-mapreduce/1.9.2/orc-mapreduce-1.9.2.pom
[info] downloading https://repo1.maven.org/maven2/javax/activation/activation/1.1.1/activation-1.1.1.pom
[info] downloaded https://repo1.maven.org/maven2/org/apache/spark/spark-tags_2.13/3.5.1/spark-tags_2.13-3.5.1.pom
[info] downloaded https://repo1.maven.org/maven2/io/dropwizard/metrics/metrics-jvm/4.2.19/metrics-jvm-4.2.19.pom
[info] downloading https://repo1.maven.org/maven2/net/sf/py4j/py4j/0.10.9.7/py4j-0.10.9.7.pom
[info] downloaded https://repo1.maven.org/maven2/javax/activation/activation/1.1.1/activation-1.1.1.pom
[info] downloading https://repo1.maven.org/maven2/com/twitter/chill-java/0.10.0/chill-java-0.10.0.pom
[info] downloaded https://repo1.maven.org/maven2/org/apache/commons/commons-compress/1.23.0/commons-compress-1.23.0.pom
[info] downloading https://repo1.maven.org/maven2/org/scala-lang/modules/scala-xml_2.13/2.1.0/scala-xml_2.13-2.1.0.pom
[info] downloaded https://repo1.maven.org/maven2/org/apache/hadoop/hadoop-client-runtime/3.3.4/hadoop-client-runtime-3.3.4.pom
[info] downloading https://repo1.maven.org/maven2/org/apache/commons/commons-crypto/1.1.0/commons-crypto-1.1.0.pom
[info] downloading https://repo1.maven.org/maven2/io/dropwizard/metrics/metrics-graphite/4.2.19/metrics-graphite-4.2.19.pom
[info] downloaded https://repo1.maven.org/maven2/org/apache/zookeeper/zookeeper/3.6.3/zookeeper-3.6.3.pom
[info] downloading https://repo1.maven.org/maven2/io/dropwizard/metrics/metrics-core/4.2.19/metrics-core-4.2.19.pom
[info] downloaded https://repo1.maven.org/maven2/io/dropwizard/metrics/metrics-graphite/4.2.19/metrics-graphite-4.2.19.pom
[info] downloaded https://repo1.maven.org/maven2/org/scala-lang/modules/scala-xml_2.13/2.1.0/scala-xml_2.13-2.1.0.pom
[info] downloaded https://repo1.maven.org/maven2/com/twitter/chill-java/0.10.0/chill-java-0.10.0.pom
[info] downloading https://repo1.maven.org/maven2/org/apache/avro/avro/1.11.2/avro-1.11.2.pom
[info] downloaded https://repo1.maven.org/maven2/net/sf/py4j/py4j/0.10.9.7/py4j-0.10.9.7.pom
[info] downloading https://repo1.maven.org/maven2/commons-collections/commons-collections/3.2.2/commons-collections-3.2.2.pom
[info] downloading https://repo1.maven.org/maven2/com/fasterxml/jackson/core/jackson-databind/2.15.2/jackson-databind-2.15.2.pom
[info] downloading https://repo1.maven.org/maven2/org/glassfish/jersey/core/jersey-common/2.40/jersey-common-2.40.pom
[info] downloaded https://repo1.maven.org/maven2/org/apache/commons/commons-crypto/1.1.0/commons-crypto-1.1.0.pom
[info] downloading https://repo1.maven.org/maven2/org/roaringbitmap/RoaringBitmap/0.9.45/RoaringBitmap-0.9.45.pom
[info] downloaded https://repo1.maven.org/maven2/io/dropwizard/metrics/metrics-core/4.2.19/metrics-core-4.2.19.pom
[info] downloading https://repo1.maven.org/maven2/io/netty/netty-transport-native-epoll/4.1.96.Final/netty-transport-native-epoll-4.1.96.Final.pom
[info] downloaded https://repo1.maven.org/maven2/org/apache/avro/avro/1.11.2/avro-1.11.2.pom
[info] downloading https://repo1.maven.org/maven2/io/netty/netty-all/4.1.96.Final/netty-all-4.1.96.Final.pom
[info] downloaded https://repo1.maven.org/maven2/org/roaringbitmap/RoaringBitmap/0.9.45/RoaringBitmap-0.9.45.pom
[info] downloading https://repo1.maven.org/maven2/org/glassfish/jersey/containers/jersey-container-servlet-core/2.40/jersey-container-servlet-core-2.40.pom
[info] downloaded https://repo1.maven.org/maven2/commons-collections/commons-collections/3.2.2/commons-collections-3.2.2.pom
[info] downloaded https://repo1.maven.org/maven2/com/fasterxml/jackson/core/jackson-databind/2.15.2/jackson-databind-2.15.2.pom
[info] downloading https://repo1.maven.org/maven2/org/apache/curator/curator-recipes/2.13.0/curator-recipes-2.13.0.pom
[info] downloaded https://repo1.maven.org/maven2/org/glassfish/jersey/core/jersey-common/2.40/jersey-common-2.40.pom
[info] downloading https://repo1.maven.org/maven2/org/xerial/snappy/snappy-java/1.1.10.3/snappy-java-1.1.10.3.pom
[info] downloading https://repo1.maven.org/maven2/org/apache/spark/spark-unsafe_2.13/3.5.1/spark-unsafe_2.13-3.5.1.pom
[info] downloaded https://repo1.maven.org/maven2/org/glassfish/jersey/containers/jersey-container-servlet-core/2.40/jersey-container-servlet-core-2.40.pom
[info] downloaded https://repo1.maven.org/maven2/io/netty/netty-transport-native-epoll/4.1.96.Final/netty-transport-native-epoll-4.1.96.Final.pom
[info] downloaded https://repo1.maven.org/maven2/io/netty/netty-all/4.1.96.Final/netty-all-4.1.96.Final.pom
[info] downloading https://repo1.maven.org/maven2/org/apache/spark/spark-network-shuffle_2.13/3.5.1/spark-network-shuffle_2.13-3.5.1.pom
[info] downloaded https://repo1.maven.org/maven2/org/apache/curator/curator-recipes/2.13.0/curator-recipes-2.13.0.pom
[info] downloading https://repo1.maven.org/maven2/org/glassfish/jersey/containers/jersey-container-servlet/2.40/jersey-container-servlet-2.40.pom
[info] downloading https://repo1.maven.org/maven2/io/dropwizard/metrics/metrics-jmx/4.2.19/metrics-jmx-4.2.19.pom
[info] downloading https://repo1.maven.org/maven2/org/scala-lang/modules/scala-parallel-collections_2.13/1.0.4/scala-parallel-collections_2.13-1.0.4.pom
[info] downloaded https://repo1.maven.org/maven2/org/xerial/snappy/snappy-java/1.1.10.3/snappy-java-1.1.10.3.pom
[info] downloading https://repo1.maven.org/maven2/org/apache/ivy/ivy/2.5.1/ivy-2.5.1.pom
[info] downloaded https://repo1.maven.org/maven2/org/apache/spark/spark-unsafe_2.13/3.5.1/spark-unsafe_2.13-3.5.1.pom
[info] downloading https://repo1.maven.org/maven2/org/apache/orc/orc-core/1.9.2/orc-core-1.9.2.pom
[info] downloaded https://repo1.maven.org/maven2/io/dropwizard/metrics/metrics-jmx/4.2.19/metrics-jmx-4.2.19.pom
[info] downloading https://repo1.maven.org/maven2/org/apache/spark/spark-network-common_2.13/3.5.1/spark-network-common_2.13-3.5.1.pom
[info] downloaded https://repo1.maven.org/maven2/org/apache/spark/spark-network-shuffle_2.13/3.5.1/spark-network-shuffle_2.13-3.5.1.pom
[info] downloaded https://repo1.maven.org/maven2/org/glassfish/jersey/containers/jersey-container-servlet/2.40/jersey-container-servlet-2.40.pom
[info] downloading https://repo1.maven.org/maven2/io/netty/netty-transport-native-kqueue/4.1.96.Final/netty-transport-native-kqueue-4.1.96.Final.pom
[info] downloading https://repo1.maven.org/maven2/com/univocity/univocity-parsers/2.9.1/univocity-parsers-2.9.1.pom
[info] downloaded https://repo1.maven.org/maven2/org/apache/ivy/ivy/2.5.1/ivy-2.5.1.pom
[info] downloaded https://repo1.maven.org/maven2/org/apache/orc/orc-core/1.9.2/orc-core-1.9.2.pom
[info] downloaded https://repo1.maven.org/maven2/org/scala-lang/modules/scala-parallel-collections_2.13/1.0.4/scala-parallel-collections_2.13-1.0.4.pom
[info] downloading https://repo1.maven.org/maven2/org/apache/hive/hive-storage-api/2.8.1/hive-storage-api-2.8.1.pom
[info] downloading https://repo1.maven.org/maven2/com/clearspring/analytics/stream/2.9.6/stream-2.9.6.pom
[info] downloading https://repo1.maven.org/maven2/org/apache/spark/spark-launcher_2.13/3.5.1/spark-launcher_2.13-3.5.1.pom
[info] downloaded https://repo1.maven.org/maven2/io/netty/netty-transport-native-kqueue/4.1.96.Final/netty-transport-native-kqueue-4.1.96.Final.pom
[info] downloaded https://repo1.maven.org/maven2/org/apache/spark/spark-network-common_2.13/3.5.1/spark-network-common_2.13-3.5.1.pom
[info] downloading https://repo1.maven.org/maven2/org/apache/parquet/parquet-column/1.13.1/parquet-column-1.13.1.pom
[info] downloading https://repo1.maven.org/maven2/org/apache/parquet/parquet-hadoop/1.13.1/parquet-hadoop-1.13.1.pom
[info] downloaded https://repo1.maven.org/maven2/com/univocity/univocity-parsers/2.9.1/univocity-parsers-2.9.1.pom
[info] downloading https://repo1.maven.org/maven2/org/apache/commons/commons-text/1.10.0/commons-text-1.10.0.pom
[info] downloaded https://repo1.maven.org/maven2/org/apache/hive/hive-storage-api/2.8.1/hive-storage-api-2.8.1.pom
[info] downloaded https://repo1.maven.org/maven2/org/apache/spark/spark-launcher_2.13/3.5.1/spark-launcher_2.13-3.5.1.pom
[info] downloaded https://repo1.maven.org/maven2/org/apache/parquet/parquet-column/1.13.1/parquet-column-1.13.1.pom
[info] downloaded https://repo1.maven.org/maven2/com/clearspring/analytics/stream/2.9.6/stream-2.9.6.pom
[info] downloading https://repo1.maven.org/maven2/org/apache/spark/spark-sketch_2.13/3.5.1/spark-sketch_2.13-3.5.1.pom
[info] downloading https://repo1.maven.org/maven2/org/apache/commons/commons-math3/3.6.1/commons-math3-3.6.1.pom
[info] downloading https://repo1.maven.org/maven2/org/lz4/lz4-java/1.8.0/lz4-java-1.8.0.pom
[info] downloading https://repo1.maven.org/maven2/com/ning/compress-lzf/1.1.2/compress-lzf-1.1.2.pom
[info] downloaded https://repo1.maven.org/maven2/org/apache/parquet/parquet-hadoop/1.13.1/parquet-hadoop-1.13.1.pom
[info] downloaded https://repo1.maven.org/maven2/org/apache/commons/commons-text/1.10.0/commons-text-1.10.0.pom
[info] downloaded https://repo1.maven.org/maven2/org/apache/spark/spark-sketch_2.13/3.5.1/spark-sketch_2.13-3.5.1.pom
[info] downloaded https://repo1.maven.org/maven2/org/lz4/lz4-java/1.8.0/lz4-java-1.8.0.pom
[info] downloaded https://repo1.maven.org/maven2/com/ning/compress-lzf/1.1.2/compress-lzf-1.1.2.pom
[info] downloaded https://repo1.maven.org/maven2/org/apache/commons/commons-math3/3.6.1/commons-math3-3.6.1.pom
[info] downloading https://repo1.maven.org/maven2/jakarta/servlet/jakarta.servlet-api/4.0.3/jakarta.servlet-api-4.0.3.pom
[info] downloading https://repo1.maven.org/maven2/io/dropwizard/metrics/metrics-json/4.2.19/metrics-json-4.2.19.pom
[info] downloading https://repo1.maven.org/maven2/org/rocksdb/rocksdbjni/8.3.2/rocksdbjni-8.3.2.pom
[info] downloading https://repo1.maven.org/maven2/net/razorvine/pickle/1.3/pickle-1.3.pom
[info] downloading https://repo1.maven.org/maven2/org/glassfish/jersey/core/jersey-server/2.40/jersey-server-2.40.pom
[info] downloading https://repo1.maven.org/maven2/org/apache/commons/commons-collections4/4.4/commons-collections4-4.4.pom
[info] downloaded https://repo1.maven.org/maven2/jakarta/servlet/jakarta.servlet-api/4.0.3/jakarta.servlet-api-4.0.3.pom
[info] downloaded https://repo1.maven.org/maven2/org/glassfish/jersey/core/jersey-server/2.40/jersey-server-2.40.pom
[info] downloaded https://repo1.maven.org/maven2/org/rocksdb/rocksdbjni/8.3.2/rocksdbjni-8.3.2.pom
[info] downloading https://repo1.maven.org/maven2/org/apache/hadoop/hadoop-client-api/3.3.4/hadoop-client-api-3.3.4.pom
[info] downloaded https://repo1.maven.org/maven2/net/razorvine/pickle/1.3/pickle-1.3.pom
[info] downloaded https://repo1.maven.org/maven2/org/apache/commons/commons-collections4/4.4/commons-collections4-4.4.pom
[info] downloading https://repo1.maven.org/maven2/org/glassfish/jersey/core/jersey-client/2.40/jersey-client-2.40.pom
[info] downloading https://repo1.maven.org/maven2/commons-io/commons-io/2.13.0/commons-io-2.13.0.pom
[info] downloading https://repo1.maven.org/maven2/com/twitter/chill_2.13/0.10.0/chill_2.13-0.10.0.pom
[info] downloaded https://repo1.maven.org/maven2/org/apache/hadoop/hadoop-client-api/3.3.4/hadoop-client-api-3.3.4.pom
[info] downloading https://repo1.maven.org/maven2/org/apache/avro/avro-mapred/1.11.2/avro-mapred-1.11.2.pom
[info] downloading https://repo1.maven.org/maven2/org/apache/spark/spark-catalyst_2.13/3.5.1/spark-catalyst_2.13-3.5.1.pom
[info] downloaded https://repo1.maven.org/maven2/org/glassfish/jersey/core/jersey-client/2.40/jersey-client-2.40.pom
[info] downloaded https://repo1.maven.org/maven2/com/twitter/chill_2.13/0.10.0/chill_2.13-0.10.0.pom
[info] downloaded https://repo1.maven.org/maven2/commons-io/commons-io/2.13.0/commons-io-2.13.0.pom
[info] downloading https://repo1.maven.org/maven2/commons-codec/commons-codec/1.16.0/commons-codec-1.16.0.pom
[info] downloaded https://repo1.maven.org/maven2/org/apache/avro/avro-mapred/1.11.2/avro-mapred-1.11.2.pom
[info] downloaded https://repo1.maven.org/maven2/org/apache/spark/spark-catalyst_2.13/3.5.1/spark-catalyst_2.13-3.5.1.pom
[info] downloading https://repo1.maven.org/maven2/com/github/luben/zstd-jni/1.5.5-4/zstd-jni-1.5.5-4.pom
[info] downloaded https://repo1.maven.org/maven2/io/dropwizard/metrics/metrics-json/4.2.19/metrics-json-4.2.19.pom
[info] downloaded https://repo1.maven.org/maven2/commons-codec/commons-codec/1.16.0/commons-codec-1.16.0.pom
[info] downloaded https://repo1.maven.org/maven2/com/github/luben/zstd-jni/1.5.5-4/zstd-jni-1.5.5-4.pom
[info] downloading https://repo1.maven.org/maven2/oro/oro/2.0.8/oro-2.0.8.pom
[info] downloading https://repo1.maven.org/maven2/org/scala-lang/scala-reflect/2.13.8/scala-reflect-2.13.8.pom
[info] downloading https://repo1.maven.org/maven2/org/apache/commons/commons-lang3/3.12.0/commons-lang3-3.12.0.pom
[info] downloaded https://repo1.maven.org/maven2/oro/oro/2.0.8/oro-2.0.8.pom
[info] downloading https://repo1.maven.org/maven2/org/apache/spark/spark-common-utils_2.13/3.5.1/spark-common-utils_2.13-3.5.1.pom
[info] downloading https://repo1.maven.org/maven2/org/apache/spark/spark-kvstore_2.13/3.5.1/spark-kvstore_2.13-3.5.1.pom
[info] downloaded https://repo1.maven.org/maven2/org/scala-lang/scala-reflect/2.13.8/scala-reflect-2.13.8.pom
[info] downloading https://repo1.maven.org/maven2/org/glassfish/jersey/inject/jersey-hk2/2.40/jersey-hk2-2.40.pom
[info] downloaded https://repo1.maven.org/maven2/org/apache/spark/spark-common-utils_2.13/3.5.1/spark-common-utils_2.13-3.5.1.pom
[info] downloaded https://repo1.maven.org/maven2/org/apache/commons/commons-lang3/3.12.0/commons-lang3-3.12.0.pom
[info] downloaded https://repo1.maven.org/maven2/org/apache/spark/spark-kvstore_2.13/3.5.1/spark-kvstore_2.13-3.5.1.pom
[info] downloaded https://repo1.maven.org/maven2/org/glassfish/jersey/inject/jersey-hk2/2.40/jersey-hk2-2.40.pom
[info] downloading https://repo1.maven.org/maven2/org/apache/apache/23/apache-23.pom
[info] downloading https://repo1.maven.org/maven2/org/glassfish/jersey/containers/project/2.40/project-2.40.pom
[info] downloading https://repo1.maven.org/maven2/org/apache/parquet/parquet/1.13.1/parquet-1.13.1.pom
[info] downloading https://repo1.maven.org/maven2/io/dropwizard/metrics/metrics-parent/4.2.19/metrics-parent-4.2.19.pom
[info] downloading https://repo1.maven.org/maven2/com/addthis/common/build/maven/pom/jar-pom/3.8.0/jar-pom-3.8.0.pom
[info] downloading https://repo1.maven.org/maven2/org/glassfish/jersey/project/2.40/project-2.40.pom
[info] downloaded https://repo1.maven.org/maven2/org/apache/parquet/parquet/1.13.1/parquet-1.13.1.pom
[info] downloaded https://repo1.maven.org/maven2/io/dropwizard/metrics/metrics-parent/4.2.19/metrics-parent-4.2.19.pom
[info] downloaded https://repo1.maven.org/maven2/org/glassfish/jersey/containers/project/2.40/project-2.40.pom
[info] downloaded https://repo1.maven.org/maven2/com/addthis/common/build/maven/pom/jar-pom/3.8.0/jar-pom-3.8.0.pom
[info] downloaded https://repo1.maven.org/maven2/org/apache/apache/23/apache-23.pom
[info] downloading https://repo1.maven.org/maven2/org/glassfish/jersey/inject/project/2.40/project-2.40.pom
[info] downloading https://repo1.maven.org/maven2/org/apache/avro/avro-parent/1.11.2/avro-parent-1.11.2.pom
[info] downloading https://repo1.maven.org/maven2/com/fasterxml/oss-parent/41/oss-parent-41.pom
[info] downloading https://repo1.maven.org/maven2/io/netty/netty-parent/4.1.96.Final/netty-parent-4.1.96.Final.pom
[info] downloading https://repo1.maven.org/maven2/org/apache/zookeeper/parent/3.6.3/parent-3.6.3.pom
[info] downloaded https://repo1.maven.org/maven2/com/fasterxml/oss-parent/41/oss-parent-41.pom
[info] downloaded https://repo1.maven.org/maven2/org/glassfish/jersey/inject/project/2.40/project-2.40.pom
[info] downloading https://repo1.maven.org/maven2/org/apache/commons/commons-parent/58/commons-parent-58.pom
[info] downloading https://repo1.maven.org/maven2/org/apache/hadoop/hadoop-project/3.3.4/hadoop-project-3.3.4.pom
[info] downloaded https://repo1.maven.org/maven2/org/apache/avro/avro-parent/1.11.2/avro-parent-1.11.2.pom
[info] downloaded https://repo1.maven.org/maven2/io/netty/netty-parent/4.1.96.Final/netty-parent-4.1.96.Final.pom
[info] downloading https://repo1.maven.org/maven2/org/apache/orc/orc/1.9.2/orc-1.9.2.pom
[info] downloading https://repo1.maven.org/maven2/org/eclipse/ee4j/project/1.0.5/project-1.0.5.pom
[info] downloaded https://repo1.maven.org/maven2/org/apache/zookeeper/parent/3.6.3/parent-3.6.3.pom
[info] downloading https://repo1.maven.org/maven2/com/fasterxml/jackson/jackson-base/2.15.2/jackson-base-2.15.2.pom
[info] downloaded https://repo1.maven.org/maven2/org/eclipse/ee4j/project/1.0.5/project-1.0.5.pom
[info] downloaded https://repo1.maven.org/maven2/com/fasterxml/jackson/jackson-base/2.15.2/jackson-base-2.15.2.pom
[info] downloaded https://repo1.maven.org/maven2/org/apache/hadoop/hadoop-project/3.3.4/hadoop-project-3.3.4.pom
[info] downloading https://repo1.maven.org/maven2/org/apache/xbean/xbean/4.23/xbean-4.23.pom
[info] downloaded https://repo1.maven.org/maven2/org/apache/orc/orc/1.9.2/orc-1.9.2.pom
[info] downloaded https://repo1.maven.org/maven2/org/apache/commons/commons-parent/58/commons-parent-58.pom
[info] downloaded https://repo1.maven.org/maven2/org/glassfish/jersey/project/2.40/project-2.40.pom
[info] downloading https://repo1.maven.org/maven2/org/apache/curator/apache-curator/2.13.0/apache-curator-2.13.0.pom
[info] downloaded https://repo1.maven.org/maven2/org/apache/xbean/xbean/4.23/xbean-4.23.pom
[info] downloaded https://repo1.maven.org/maven2/org/apache/curator/apache-curator/2.13.0/apache-curator-2.13.0.pom
[info] downloading https://repo1.maven.org/maven2/org/apache/apache/7/apache-7.pom
[info] downloading https://repo1.maven.org/maven2/org/apache/commons/commons-parent/56/commons-parent-56.pom
[info] downloading https://repo1.maven.org/maven2/org/sonatype/oss/oss-parent/7/oss-parent-7.pom
[info] downloaded https://repo1.maven.org/maven2/org/sonatype/oss/oss-parent/7/oss-parent-7.pom
[info] downloaded https://repo1.maven.org/maven2/org/apache/apache/7/apache-7.pom
[info] downloaded https://repo1.maven.org/maven2/org/apache/commons/commons-parent/56/commons-parent-56.pom
[info] downloading https://repo1.maven.org/maven2/org/apache/commons/commons-parent/54/commons-parent-54.pom
[info] downloaded https://repo1.maven.org/maven2/org/apache/commons/commons-parent/54/commons-parent-54.pom
[info] downloading https://repo1.maven.org/maven2/org/apache/commons/commons-parent/52/commons-parent-52.pom
[info] downloaded https://repo1.maven.org/maven2/org/apache/commons/commons-parent/52/commons-parent-52.pom
[info] downloading https://repo1.maven.org/maven2/org/apache/commons/commons-parent/48/commons-parent-48.pom
[info] downloaded https://repo1.maven.org/maven2/org/apache/commons/commons-parent/48/commons-parent-48.pom
[info] downloading https://repo1.maven.org/maven2/org/apache/commons/commons-parent/39/commons-parent-39.pom
[info] downloaded https://repo1.maven.org/maven2/org/apache/commons/commons-parent/39/commons-parent-39.pom
[info] downloading https://repo1.maven.org/maven2/org/apache/geronimo/genesis/genesis-java8-flava/2.3/genesis-java8-flava-2.3.pom
[info] downloading https://repo1.maven.org/maven2/org/apache/apache/29/apache-29.pom
[info] downloading https://repo1.maven.org/maven2/com/fasterxml/jackson/jackson-bom/2.15.2/jackson-bom-2.15.2.pom
[info] downloading https://repo1.maven.org/maven2/org/apache/avro/avro-toplevel/1.11.2/avro-toplevel-1.11.2.pom
[info] downloading https://repo1.maven.org/maven2/org/eclipse/ee4j/project/1.0.8/project-1.0.8.pom
[info] downloading https://repo1.maven.org/maven2/com/addthis/common/build/maven/pom/papa-pom/2.2.0/papa-pom-2.2.0.pom
[info] downloaded https://repo1.maven.org/maven2/org/apache/geronimo/genesis/genesis-java8-flava/2.3/genesis-java8-flava-2.3.pom
[info] downloaded https://repo1.maven.org/maven2/org/apache/apache/29/apache-29.pom
[info] downloaded https://repo1.maven.org/maven2/com/fasterxml/jackson/jackson-bom/2.15.2/jackson-bom-2.15.2.pom
[info] downloading https://repo1.maven.org/maven2/org/apache/hadoop/hadoop-main/3.3.4/hadoop-main-3.3.4.pom
[info] downloaded https://repo1.maven.org/maven2/org/apache/avro/avro-toplevel/1.11.2/avro-toplevel-1.11.2.pom
[info] downloaded https://repo1.maven.org/maven2/org/eclipse/ee4j/project/1.0.8/project-1.0.8.pom
[info] downloaded https://repo1.maven.org/maven2/org/apache/hadoop/hadoop-main/3.3.4/hadoop-main-3.3.4.pom
[info] downloaded https://repo1.maven.org/maven2/com/addthis/common/build/maven/pom/papa-pom/2.2.0/papa-pom-2.2.0.pom
[info] downloading https://repo1.maven.org/maven2/org/apache/apache/27/apache-27.pom
[info] downloaded https://repo1.maven.org/maven2/org/apache/apache/27/apache-27.pom
[info] downloading https://repo1.maven.org/maven2/org/apache/apache/21/apache-21.pom
[info] downloaded https://repo1.maven.org/maven2/org/apache/apache/21/apache-21.pom
[info] downloading https://repo1.maven.org/maven2/org/apache/apache/16/apache-16.pom
[info] downloaded https://repo1.maven.org/maven2/org/apache/apache/16/apache-16.pom
[info] downloading https://repo1.maven.org/maven2/org/apache/geronimo/genesis/genesis-default-flava/2.3/genesis-default-flava-2.3.pom
[info] downloading https://repo1.maven.org/maven2/com/fasterxml/jackson/jackson-parent/2.15/jackson-parent-2.15.pom
[info] downloaded https://repo1.maven.org/maven2/com/fasterxml/jackson/jackson-parent/2.15/jackson-parent-2.15.pom
[info] downloaded https://repo1.maven.org/maven2/org/apache/geronimo/genesis/genesis-default-flava/2.3/genesis-default-flava-2.3.pom
[info] downloading https://repo1.maven.org/maven2/org/apache/geronimo/genesis/genesis/2.3/genesis-2.3.pom
[info] downloading https://repo1.maven.org/maven2/com/fasterxml/oss-parent/50/oss-parent-50.pom
[info] downloaded https://repo1.maven.org/maven2/org/apache/geronimo/genesis/genesis/2.3/genesis-2.3.pom
[info] downloaded https://repo1.maven.org/maven2/com/fasterxml/oss-parent/50/oss-parent-50.pom
[info] downloading https://repo1.maven.org/maven2/org/junit/junit-bom/5.9.3/junit-bom-5.9.3.pom
[info] downloaded https://repo1.maven.org/maven2/org/junit/junit-bom/5.9.3/junit-bom-5.9.3.pom
[info] downloading https://repo1.maven.org/maven2/org/junit/junit-bom/5.9.1/junit-bom-5.9.1.pom
[info] downloading https://repo1.maven.org/maven2/com/fasterxml/jackson/jackson-bom/2.14.2/jackson-bom-2.14.2.pom
[info] downloaded https://repo1.maven.org/maven2/org/junit/junit-bom/5.9.1/junit-bom-5.9.1.pom
[info] downloaded https://repo1.maven.org/maven2/com/fasterxml/jackson/jackson-bom/2.14.2/jackson-bom-2.14.2.pom
[info] downloading https://repo1.maven.org/maven2/org/junit/junit-bom/5.9.0/junit-bom-5.9.0.pom
[info] downloaded https://repo1.maven.org/maven2/org/junit/junit-bom/5.9.0/junit-bom-5.9.0.pom
[info] downloading https://repo1.maven.org/maven2/com/fasterxml/jackson/jackson-parent/2.14/jackson-parent-2.14.pom
[info] downloaded https://repo1.maven.org/maven2/com/fasterxml/jackson/jackson-parent/2.14/jackson-parent-2.14.pom
[info] downloading https://repo1.maven.org/maven2/com/fasterxml/oss-parent/48/oss-parent-48.pom
[info] downloaded https://repo1.maven.org/maven2/com/fasterxml/oss-parent/48/oss-parent-48.pom
[info] downloading https://repo1.maven.org/maven2/org/junit/junit-bom/5.9.2/junit-bom-5.9.2.pom
[info] downloading https://repo1.maven.org/maven2/io/dropwizard/metrics/metrics-bom/4.2.19/metrics-bom-4.2.19.pom
[info] downloaded https://repo1.maven.org/maven2/org/junit/junit-bom/5.9.2/junit-bom-5.9.2.pom
[info] downloaded https://repo1.maven.org/maven2/io/dropwizard/metrics/metrics-bom/4.2.19/metrics-bom-4.2.19.pom
[info] downloading https://repo1.maven.org/maven2/org/junit/junit-bom/5.7.1/junit-bom-5.7.1.pom
[info] downloaded https://repo1.maven.org/maven2/org/junit/junit-bom/5.7.1/junit-bom-5.7.1.pom
[info] downloading https://repo1.maven.org/maven2/org/slf4j/jcl-over-slf4j/2.0.7/jcl-over-slf4j-2.0.7.pom
[info] downloading https://repo1.maven.org/maven2/io/netty/netty-codec-http2/4.1.96.Final/netty-codec-http2-4.1.96.Final.pom
[info] downloading https://repo1.maven.org/maven2/org/apache/spark/spark-sql-api_2.13/3.5.1/spark-sql-api_2.13-3.5.1.pom
[info] downloading https://repo1.maven.org/maven2/org/apache/logging/log4j/log4j-1.2-api/2.20.0/log4j-1.2-api-2.20.0.pom
[info] downloading https://repo1.maven.org/maven2/com/google/code/findbugs/jsr305/3.0.2/jsr305-3.0.2.pom
[info] downloading https://repo1.maven.org/maven2/org/apache/logging/log4j/log4j-api/2.20.0/log4j-api-2.20.0.pom
[info] downloaded https://repo1.maven.org/maven2/org/apache/logging/log4j/log4j-1.2-api/2.20.0/log4j-1.2-api-2.20.0.pom
[info] downloaded https://repo1.maven.org/maven2/io/netty/netty-codec-http2/4.1.96.Final/netty-codec-http2-4.1.96.Final.pom
[info] downloaded https://repo1.maven.org/maven2/org/slf4j/jcl-over-slf4j/2.0.7/jcl-over-slf4j-2.0.7.pom
[info] downloading https://repo1.maven.org/maven2/com/thoughtworks/paranamer/paranamer/2.8/paranamer-2.8.pom
[info] downloading https://repo1.maven.org/maven2/io/netty/netty-transport/4.1.96.Final/netty-transport-4.1.96.Final.pom
[info] downloaded https://repo1.maven.org/maven2/com/google/code/findbugs/jsr305/3.0.2/jsr305-3.0.2.pom
[info] downloading https://repo1.maven.org/maven2/org/apache/avro/avro-ipc/1.11.2/avro-ipc-1.11.2.pom
[info] downloading https://repo1.maven.org/maven2/io/netty/netty-buffer/4.1.96.Final/netty-buffer-4.1.96.Final.pom
[info] downloaded https://repo1.maven.org/maven2/org/apache/spark/spark-sql-api_2.13/3.5.1/spark-sql-api_2.13-3.5.1.pom
[info] downloading https://repo1.maven.org/maven2/jakarta/ws/rs/jakarta.ws.rs-api/2.1.6/jakarta.ws.rs-api-2.1.6.pom
[info] downloaded https://repo1.maven.org/maven2/io/netty/netty-buffer/4.1.96.Final/netty-buffer-4.1.96.Final.pom
[info] downloaded https://repo1.maven.org/maven2/com/thoughtworks/paranamer/paranamer/2.8/paranamer-2.8.pom
[info] downloaded https://repo1.maven.org/maven2/io/netty/netty-transport/4.1.96.Final/netty-transport-4.1.96.Final.pom
[info] downloaded https://repo1.maven.org/maven2/org/apache/avro/avro-ipc/1.11.2/avro-ipc-1.11.2.pom
[info] downloading https://repo1.maven.org/maven2/org/apache/datasketches/datasketches-java/3.3.0/datasketches-java-3.3.0.pom
[info] downloading https://repo1.maven.org/maven2/org/apache/parquet/parquet-jackson/1.13.1/parquet-jackson-1.13.1.pom
[info] downloading https://repo1.maven.org/maven2/org/apache/parquet/parquet-common/1.13.1/parquet-common-1.13.1.pom
[info] downloading https://repo1.maven.org/maven2/io/airlift/aircompressor/0.25/aircompressor-0.25.pom
[info] downloaded https://repo1.maven.org/maven2/jakarta/ws/rs/jakarta.ws.rs-api/2.1.6/jakarta.ws.rs-api-2.1.6.pom
[info] downloading https://repo1.maven.org/maven2/com/google/crypto/tink/tink/1.9.0/tink-1.9.0.pom
[info] downloaded https://repo1.maven.org/maven2/org/apache/parquet/parquet-common/1.13.1/parquet-common-1.13.1.pom
[info] downloading https://repo1.maven.org/maven2/org/apache/parquet/parquet-format-structures/1.13.1/parquet-format-structures-1.13.1.pom
[info] downloaded https://repo1.maven.org/maven2/org/apache/parquet/parquet-jackson/1.13.1/parquet-jackson-1.13.1.pom
[info] downloaded https://repo1.maven.org/maven2/org/apache/datasketches/datasketches-java/3.3.0/datasketches-java-3.3.0.pom
[info] downloaded https://repo1.maven.org/maven2/org/apache/logging/log4j/log4j-api/2.20.0/log4j-api-2.20.0.pom
[info] downloading https://repo1.maven.org/maven2/org/slf4j/slf4j-api/2.0.7/slf4j-api-2.0.7.pom
[info] downloaded https://repo1.maven.org/maven2/io/airlift/aircompressor/0.25/aircompressor-0.25.pom
[info] downloading https://repo1.maven.org/maven2/io/netty/netty-codec-http/4.1.96.Final/netty-codec-http-4.1.96.Final.pom
[info] downloading https://repo1.maven.org/maven2/io/netty/netty-common/4.1.96.Final/netty-common-4.1.96.Final.pom
[info] downloading https://repo1.maven.org/maven2/io/netty/netty-transport-native-unix-common/4.1.96.Final/netty-transport-native-unix-common-4.1.96.Final.pom
[info] downloaded https://repo1.maven.org/maven2/com/google/crypto/tink/tink/1.9.0/tink-1.9.0.pom
[info] downloading https://repo1.maven.org/maven2/org/fusesource/leveldbjni/leveldbjni-all/1.8/leveldbjni-all-1.8.pom
[info] downloaded https://repo1.maven.org/maven2/org/apache/parquet/parquet-format-structures/1.13.1/parquet-format-structures-1.13.1.pom
[info] downloading https://repo1.maven.org/maven2/org/slf4j/jul-to-slf4j/2.0.7/jul-to-slf4j-2.0.7.pom
[info] downloaded https://repo1.maven.org/maven2/org/slf4j/slf4j-api/2.0.7/slf4j-api-2.0.7.pom
[info] downloading https://repo1.maven.org/maven2/org/apache/yetus/audience-annotations/0.13.0/audience-annotations-0.13.0.pom
[info] downloaded https://repo1.maven.org/maven2/org/fusesource/leveldbjni/leveldbjni-all/1.8/leveldbjni-all-1.8.pom
[info] downloading https://repo1.maven.org/maven2/org/codehaus/janino/janino/3.1.9/janino-3.1.9.pom
[info] downloaded https://repo1.maven.org/maven2/io/netty/netty-codec-http/4.1.96.Final/netty-codec-http-4.1.96.Final.pom
[info] downloaded https://repo1.maven.org/maven2/io/netty/netty-transport-native-unix-common/4.1.96.Final/netty-transport-native-unix-common-4.1.96.Final.pom
[info] downloaded https://repo1.maven.org/maven2/io/netty/netty-common/4.1.96.Final/netty-common-4.1.96.Final.pom
[info] downloading https://repo1.maven.org/maven2/org/json4s/json4s-core_2.13/3.7.0-M11/json4s-core_2.13-3.7.0-M11.pom
[info] downloading https://repo1.maven.org/maven2/org/glassfish/hk2/external/jakarta.inject/2.6.1/jakarta.inject-2.6.1.pom
[info] downloading https://repo1.maven.org/maven2/io/netty/netty-handler/4.1.96.Final/netty-handler-4.1.96.Final.pom
[info] downloaded https://repo1.maven.org/maven2/org/slf4j/jul-to-slf4j/2.0.7/jul-to-slf4j-2.0.7.pom
[info] downloaded https://repo1.maven.org/maven2/org/apache/yetus/audience-annotations/0.13.0/audience-annotations-0.13.0.pom
[info] downloading https://repo1.maven.org/maven2/com/fasterxml/jackson/core/jackson-core/2.15.2/jackson-core-2.15.2.pom
[info] downloading https://repo1.maven.org/maven2/org/apache/curator/curator-framework/2.13.0/curator-framework-2.13.0.pom
[info] downloaded https://repo1.maven.org/maven2/org/codehaus/janino/janino/3.1.9/janino-3.1.9.pom
[info] downloading https://repo1.maven.org/maven2/org/jetbrains/annotations/17.0.0/annotations-17.0.0.pom
[info] downloaded https://repo1.maven.org/maven2/io/netty/netty-handler/4.1.96.Final/netty-handler-4.1.96.Final.pom
[info] downloaded https://repo1.maven.org/maven2/org/glassfish/hk2/external/jakarta.inject/2.6.1/jakarta.inject-2.6.1.pom
[info] downloading https://repo1.maven.org/maven2/com/esotericsoftware/kryo-shaded/4.0.2/kryo-shaded-4.0.2.pom
[info] downloading https://repo1.maven.org/maven2/org/glassfish/hk2/osgi-resource-locator/1.0.3/osgi-resource-locator-1.0.3.pom
[info] downloaded https://repo1.maven.org/maven2/org/apache/curator/curator-framework/2.13.0/curator-framework-2.13.0.pom
[info] downloading https://repo1.maven.org/maven2/io/netty/netty-handler-proxy/4.1.96.Final/netty-handler-proxy-4.1.96.Final.pom
[info] downloaded https://repo1.maven.org/maven2/com/fasterxml/jackson/core/jackson-core/2.15.2/jackson-core-2.15.2.pom
[info] downloading https://repo1.maven.org/maven2/jakarta/annotation/jakarta.annotation-api/1.3.5/jakarta.annotation-api-1.3.5.pom
[info] downloaded https://repo1.maven.org/maven2/org/jetbrains/annotations/17.0.0/annotations-17.0.0.pom
[info] downloading https://repo1.maven.org/maven2/io/netty/netty-transport-classes-kqueue/4.1.96.Final/netty-transport-classes-kqueue-4.1.96.Final.pom
[info] downloaded https://repo1.maven.org/maven2/org/glassfish/hk2/osgi-resource-locator/1.0.3/osgi-resource-locator-1.0.3.pom
[info] downloading https://repo1.maven.org/maven2/jakarta/validation/jakarta.validation-api/2.0.2/jakarta.validation-api-2.0.2.pom
[info] downloaded https://repo1.maven.org/maven2/com/esotericsoftware/kryo-shaded/4.0.2/kryo-shaded-4.0.2.pom
[info] downloading https://repo1.maven.org/maven2/io/netty/netty-transport-classes-epoll/4.1.96.Final/netty-transport-classes-epoll-4.1.96.Final.pom
[info] downloaded https://repo1.maven.org/maven2/io/netty/netty-handler-proxy/4.1.96.Final/netty-handler-proxy-4.1.96.Final.pom
[info] downloaded https://repo1.maven.org/maven2/jakarta/annotation/jakarta.annotation-api/1.3.5/jakarta.annotation-api-1.3.5.pom
[info] downloading https://repo1.maven.org/maven2/org/apache/logging/log4j/log4j-slf4j2-impl/2.20.0/log4j-slf4j2-impl-2.20.0.pom
[info] downloading https://repo1.maven.org/maven2/io/netty/netty-codec-socks/4.1.96.Final/netty-codec-socks-4.1.96.Final.pom
[info] downloaded https://repo1.maven.org/maven2/io/netty/netty-transport-classes-epoll/4.1.96.Final/netty-transport-classes-epoll-4.1.96.Final.pom
[info] downloading https://repo1.maven.org/maven2/org/glassfish/hk2/hk2-locator/2.6.1/hk2-locator-2.6.1.pom
[info] downloaded https://repo1.maven.org/maven2/io/netty/netty-transport-classes-kqueue/4.1.96.Final/netty-transport-classes-kqueue-4.1.96.Final.pom
[info] downloaded https://repo1.maven.org/maven2/jakarta/validation/jakarta.validation-api/2.0.2/jakarta.validation-api-2.0.2.pom
[info] downloading https://repo1.maven.org/maven2/org/roaringbitmap/shims/0.9.45/shims-0.9.45.pom
[info] downloading https://repo1.maven.org/maven2/io/netty/netty-resolver/4.1.96.Final/netty-resolver-4.1.96.Final.pom
[info] downloaded https://repo1.maven.org/maven2/org/json4s/json4s-core_2.13/3.7.0-M11/json4s-core_2.13-3.7.0-M11.pom
[info] downloading https://repo1.maven.org/maven2/commons-logging/commons-logging/1.1.3/commons-logging-1.1.3.pom
[info] downloaded https://repo1.maven.org/maven2/org/apache/logging/log4j/log4j-slf4j2-impl/2.20.0/log4j-slf4j2-impl-2.20.0.pom
[info] downloading https://repo1.maven.org/maven2/io/netty/netty-codec/4.1.96.Final/netty-codec-4.1.96.Final.pom
[info] downloaded https://repo1.maven.org/maven2/io/netty/netty-codec-socks/4.1.96.Final/netty-codec-socks-4.1.96.Final.pom
[info] downloading https://repo1.maven.org/maven2/org/apache/logging/log4j/log4j-core/2.20.0/log4j-core-2.20.0.pom
[info] downloaded https://repo1.maven.org/maven2/org/apache/logging/log4j/log4j-core/2.20.0/log4j-core-2.20.0.pom
[info] downloading https://repo1.maven.org/maven2/org/apache/parquet/parquet-encoding/1.13.1/parquet-encoding-1.13.1.pom
[info] downloaded https://repo1.maven.org/maven2/org/apache/parquet/parquet-encoding/1.13.1/parquet-encoding-1.13.1.pom
[info] downloading https://repo1.maven.org/maven2/org/apache/orc/orc-shims/1.9.2/orc-shims-1.9.2.pom
[info] downloaded https://repo1.maven.org/maven2/org/glassfish/hk2/hk2-locator/2.6.1/hk2-locator-2.6.1.pom
[info] downloading https://repo1.maven.org/maven2/com/fasterxml/jackson/core/jackson-annotations/2.15.2/jackson-annotations-2.15.2.pom
[info] downloaded https://repo1.maven.org/maven2/commons-logging/commons-logging/1.1.3/commons-logging-1.1.3.pom
[info] downloaded https://repo1.maven.org/maven2/org/apache/orc/orc-shims/1.9.2/orc-shims-1.9.2.pom
[info] downloading https://repo1.maven.org/maven2/org/apache/zookeeper/zookeeper-jute/3.6.3/zookeeper-jute-3.6.3.pom
[info] downloaded https://repo1.maven.org/maven2/io/netty/netty-codec/4.1.96.Final/netty-codec-4.1.96.Final.pom
[info] downloaded https://repo1.maven.org/maven2/com/fasterxml/jackson/core/jackson-annotations/2.15.2/jackson-annotations-2.15.2.pom
[info] downloaded https://repo1.maven.org/maven2/org/roaringbitmap/shims/0.9.45/shims-0.9.45.pom
[info] downloaded https://repo1.maven.org/maven2/io/netty/netty-resolver/4.1.96.Final/netty-resolver-4.1.96.Final.pom
[info] downloaded https://repo1.maven.org/maven2/org/apache/zookeeper/zookeeper-jute/3.6.3/zookeeper-jute-3.6.3.pom
[info] downloading https://repo1.maven.org/maven2/io/airlift/airbase/112/airbase-112.pom
[info] downloading https://repo1.maven.org/maven2/com/esotericsoftware/kryo-parent/4.0.2/kryo-parent-4.0.2.pom
[info] downloading https://repo1.maven.org/maven2/org/glassfish/hk2/external/2.6.1/external-2.6.1.pom
[info] downloading https://repo1.maven.org/maven2/jakarta/annotation/ca-parent/1.3.5/ca-parent-1.3.5.pom
[info] downloading https://repo1.maven.org/maven2/org/apache/logging/log4j/log4j/2.20.0/log4j-2.20.0.pom
[info] downloading https://repo1.maven.org/maven2/org/apache/yetus/yetus-project/0.13.0/yetus-project-0.13.0.pom
[info] downloaded https://repo1.maven.org/maven2/org/glassfish/hk2/external/2.6.1/external-2.6.1.pom
[info] downloading https://repo1.maven.org/maven2/org/slf4j/slf4j-parent/2.0.7/slf4j-parent-2.0.7.pom
[info] downloaded https://repo1.maven.org/maven2/com/esotericsoftware/kryo-parent/4.0.2/kryo-parent-4.0.2.pom
[info] downloading https://repo1.maven.org/maven2/org/codehaus/janino/janino-parent/3.1.9/janino-parent-3.1.9.pom
[info] downloaded https://repo1.maven.org/maven2/org/apache/yetus/yetus-project/0.13.0/yetus-project-0.13.0.pom
[info] downloading https://repo1.maven.org/maven2/org/glassfish/hk2/hk2-parent/2.6.1/hk2-parent-2.6.1.pom
[info] downloaded https://repo1.maven.org/maven2/io/airlift/airbase/112/airbase-112.pom
[info] downloading https://repo1.maven.org/maven2/com/thoughtworks/paranamer/paranamer-parent/2.8/paranamer-parent-2.8.pom
[info] downloaded https://repo1.maven.org/maven2/org/apache/logging/log4j/log4j/2.20.0/log4j-2.20.0.pom
[info] downloading https://repo1.maven.org/maven2/org/apache/commons/commons-parent/28/commons-parent-28.pom
[info] downloaded https://repo1.maven.org/maven2/org/slf4j/slf4j-parent/2.0.7/slf4j-parent-2.0.7.pom
[info] downloaded https://repo1.maven.org/maven2/org/codehaus/janino/janino-parent/3.1.9/janino-parent-3.1.9.pom
[info] downloading https://repo1.maven.org/maven2/org/fusesource/leveldbjni/leveldbjni-project/1.8/leveldbjni-project-1.8.pom
[info] downloaded https://repo1.maven.org/maven2/com/thoughtworks/paranamer/paranamer-parent/2.8/paranamer-parent-2.8.pom
[info] downloaded https://repo1.maven.org/maven2/jakarta/annotation/ca-parent/1.3.5/ca-parent-1.3.5.pom
[info] downloaded https://repo1.maven.org/maven2/org/fusesource/leveldbjni/leveldbjni-project/1.8/leveldbjni-project-1.8.pom
[info] downloaded https://repo1.maven.org/maven2/org/apache/commons/commons-parent/28/commons-parent-28.pom
[info] downloaded https://repo1.maven.org/maven2/org/glassfish/hk2/hk2-parent/2.6.1/hk2-parent-2.6.1.pom
[info] downloading https://repo1.maven.org/maven2/org/junit/junit-bom/5.8.0-M1/junit-bom-5.8.0-M1.pom
[info] downloading https://repo1.maven.org/maven2/org/apache/apache/13/apache-13.pom
[info] downloading https://repo1.maven.org/maven2/org/fusesource/fusesource-pom/1.9/fusesource-pom-1.9.pom
[info] downloading https://repo1.maven.org/maven2/org/apache/logging/logging-parent/7/logging-parent-7.pom
[info] downloaded https://repo1.maven.org/maven2/org/junit/junit-bom/5.8.0-M1/junit-bom-5.8.0-M1.pom
[info] downloaded https://repo1.maven.org/maven2/org/apache/logging/logging-parent/7/logging-parent-7.pom
[info] downloaded https://repo1.maven.org/maven2/org/fusesource/fusesource-pom/1.9/fusesource-pom-1.9.pom
[info] downloaded https://repo1.maven.org/maven2/org/apache/apache/13/apache-13.pom
[info] downloading https://repo1.maven.org/maven2/io/fabric8/kubernetes-client-bom/5.12.2/kubernetes-client-bom-5.12.2.pom
[info] downloading https://repo1.maven.org/maven2/io/netty/netty-bom/4.1.86.Final/netty-bom-4.1.86.Final.pom
[info] downloading https://repo1.maven.org/maven2/org/eclipse/jetty/jetty-bom/9.4.50.v20221201/jetty-bom-9.4.50.v20221201.pom
[info] downloading https://repo1.maven.org/maven2/jakarta/platform/jakarta.jakartaee-bom/9.0.0/jakarta.jakartaee-bom-9.0.0.pom
[info] downloading https://repo1.maven.org/maven2/com/fasterxml/jackson/jackson-bom/2.14.1/jackson-bom-2.14.1.pom
[info] downloading https://repo1.maven.org/maven2/org/apache/logging/log4j/log4j-bom/2.20.0/log4j-bom-2.20.0.pom
[info] downloaded https://repo1.maven.org/maven2/io/netty/netty-bom/4.1.86.Final/netty-bom-4.1.86.Final.pom
[info] downloaded https://repo1.maven.org/maven2/org/apache/logging/log4j/log4j-bom/2.20.0/log4j-bom-2.20.0.pom
[info] downloaded https://repo1.maven.org/maven2/org/eclipse/jetty/jetty-bom/9.4.50.v20221201/jetty-bom-9.4.50.v20221201.pom
[info] downloading https://repo1.maven.org/maven2/org/springframework/spring-framework-bom/5.3.24/spring-framework-bom-5.3.24.pom
[info] downloading https://repo1.maven.org/maven2/org/codehaus/groovy/groovy-bom/3.0.14/groovy-bom-3.0.14.pom
[info] downloaded https://repo1.maven.org/maven2/io/fabric8/kubernetes-client-bom/5.12.2/kubernetes-client-bom-5.12.2.pom
[info] downloaded https://repo1.maven.org/maven2/com/fasterxml/jackson/jackson-bom/2.14.1/jackson-bom-2.14.1.pom
[info] downloaded https://repo1.maven.org/maven2/org/springframework/spring-framework-bom/5.3.24/spring-framework-bom-5.3.24.pom
[info] downloaded https://repo1.maven.org/maven2/org/codehaus/groovy/groovy-bom/3.0.14/groovy-bom-3.0.14.pom
[info] downloaded https://repo1.maven.org/maven2/jakarta/platform/jakarta.jakartaee-bom/9.0.0/jakarta.jakartaee-bom-9.0.0.pom
[info] downloading https://repo1.maven.org/maven2/jakarta/platform/jakartaee-api-parent/9.0.0/jakartaee-api-parent-9.0.0.pom
[info] downloaded https://repo1.maven.org/maven2/jakarta/platform/jakartaee-api-parent/9.0.0/jakartaee-api-parent-9.0.0.pom
[info] downloading https://repo1.maven.org/maven2/org/eclipse/ee4j/project/1.0.6/project-1.0.6.pom
[info] downloaded https://repo1.maven.org/maven2/org/eclipse/ee4j/project/1.0.6/project-1.0.6.pom
[info] downloading https://repo1.maven.org/maven2/org/scala-lang/modules/scala-parser-combinators_2.13/2.3.0/scala-parser-combinators_2.13-2.3.0.pom
[info] downloading https://repo1.maven.org/maven2/com/google/code/gson/gson/2.10.1/gson-2.10.1.pom
[info] downloading https://repo1.maven.org/maven2/org/glassfish/hk2/external/aopalliance-repackaged/2.6.1/aopalliance-repackaged-2.6.1.pom
[info] downloading https://repo1.maven.org/maven2/org/apache/arrow/arrow-memory-netty/12.0.1/arrow-memory-netty-12.0.1.pom
[info] downloading https://repo1.maven.org/maven2/joda-time/joda-time/2.12.5/joda-time-2.12.5.pom
[info] downloading https://repo1.maven.org/maven2/org/antlr/antlr4-runtime/4.9.3/antlr4-runtime-4.9.3.pom
[info] downloaded https://repo1.maven.org/maven2/org/glassfish/hk2/external/aopalliance-repackaged/2.6.1/aopalliance-repackaged-2.6.1.pom
[info] downloaded https://repo1.maven.org/maven2/org/apache/arrow/arrow-memory-netty/12.0.1/arrow-memory-netty-12.0.1.pom
[info] downloaded https://repo1.maven.org/maven2/org/antlr/antlr4-runtime/4.9.3/antlr4-runtime-4.9.3.pom
[info] downloaded https://repo1.maven.org/maven2/org/scala-lang/modules/scala-parser-combinators_2.13/2.3.0/scala-parser-combinators_2.13-2.3.0.pom
[info] downloading https://repo1.maven.org/maven2/com/esotericsoftware/minlog/1.3.0/minlog-1.3.0.pom
[info] downloading https://repo1.maven.org/maven2/org/objenesis/objenesis/2.5.1/objenesis-2.5.1.pom
[info] downloading https://repo1.maven.org/maven2/org/apache/arrow/arrow-vector/12.0.1/arrow-vector-12.0.1.pom
[info] downloading https://repo1.maven.org/maven2/org/apache/datasketches/datasketches-memory/2.1.0/datasketches-memory-2.1.0.pom
[info] downloaded https://repo1.maven.org/maven2/org/objenesis/objenesis/2.5.1/objenesis-2.5.1.pom
[info] downloading https://repo1.maven.org/maven2/com/google/protobuf/protobuf-java/3.19.6/protobuf-java-3.19.6.pom
[info] downloaded https://repo1.maven.org/maven2/joda-time/joda-time/2.12.5/joda-time-2.12.5.pom
[info] downloading https://repo1.maven.org/maven2/org/glassfish/hk2/hk2-api/2.6.1/hk2-api-2.6.1.pom
[info] downloaded https://repo1.maven.org/maven2/org/apache/datasketches/datasketches-memory/2.1.0/datasketches-memory-2.1.0.pom
[info] downloaded https://repo1.maven.org/maven2/org/apache/arrow/arrow-vector/12.0.1/arrow-vector-12.0.1.pom
[info] downloaded https://repo1.maven.org/maven2/com/esotericsoftware/minlog/1.3.0/minlog-1.3.0.pom
[info] downloading https://repo1.maven.org/maven2/org/tukaani/xz/1.9/xz-1.9.pom
[info] downloaded https://repo1.maven.org/maven2/com/google/code/gson/gson/2.10.1/gson-2.10.1.pom
[info] downloaded https://repo1.maven.org/maven2/com/google/protobuf/protobuf-java/3.19.6/protobuf-java-3.19.6.pom
[info] downloaded https://repo1.maven.org/maven2/org/glassfish/hk2/hk2-api/2.6.1/hk2-api-2.6.1.pom
[info] downloaded https://repo1.maven.org/maven2/org/tukaani/xz/1.9/xz-1.9.pom
[info] downloading https://repo1.maven.org/maven2/org/objenesis/objenesis-parent/2.5.1/objenesis-parent-2.5.1.pom
[info] downloading https://repo1.maven.org/maven2/com/google/protobuf/protobuf-parent/3.19.6/protobuf-parent-3.19.6.pom
[info] downloading https://repo1.maven.org/maven2/org/antlr/antlr4-master/4.9.3/antlr4-master-4.9.3.pom
[info] downloading https://repo1.maven.org/maven2/org/apache/arrow/arrow-java-root/12.0.1/arrow-java-root-12.0.1.pom
[info] downloading https://repo1.maven.org/maven2/org/apache/arrow/arrow-memory/12.0.1/arrow-memory-12.0.1.pom
[info] downloading https://repo1.maven.org/maven2/com/google/code/gson/gson-parent/2.10.1/gson-parent-2.10.1.pom
[info] downloaded https://repo1.maven.org/maven2/org/apache/arrow/arrow-memory/12.0.1/arrow-memory-12.0.1.pom
[info] downloaded https://repo1.maven.org/maven2/com/google/protobuf/protobuf-parent/3.19.6/protobuf-parent-3.19.6.pom
[info] downloaded https://repo1.maven.org/maven2/org/antlr/antlr4-master/4.9.3/antlr4-master-4.9.3.pom
[info] downloaded https://repo1.maven.org/maven2/com/google/code/gson/gson-parent/2.10.1/gson-parent-2.10.1.pom
[info] downloaded https://repo1.maven.org/maven2/org/apache/arrow/arrow-java-root/12.0.1/arrow-java-root-12.0.1.pom
[info] downloaded https://repo1.maven.org/maven2/org/objenesis/objenesis-parent/2.5.1/objenesis-parent-2.5.1.pom
[info] downloading https://repo1.maven.org/maven2/io/grpc/grpc-bom/1.49.1/grpc-bom-1.49.1.pom
[info] downloading https://repo1.maven.org/maven2/com/google/guava/guava-bom/31.1-jre/guava-bom-31.1-jre.pom
[info] downloading https://repo1.maven.org/maven2/com/fasterxml/jackson/jackson-bom/2.15.1/jackson-bom-2.15.1.pom
[info] downloading https://repo1.maven.org/maven2/com/google/protobuf/protobuf-bom/3.21.6/protobuf-bom-3.21.6.pom
[info] downloading https://repo1.maven.org/maven2/io/netty/netty-bom/4.1.82.Final/netty-bom-4.1.82.Final.pom
[info] downloaded https://repo1.maven.org/maven2/com/fasterxml/jackson/jackson-bom/2.15.1/jackson-bom-2.15.1.pom
[info] downloaded https://repo1.maven.org/maven2/com/google/protobuf/protobuf-bom/3.21.6/protobuf-bom-3.21.6.pom
[info] downloaded https://repo1.maven.org/maven2/com/google/guava/guava-bom/31.1-jre/guava-bom-31.1-jre.pom
[info] downloaded https://repo1.maven.org/maven2/io/grpc/grpc-bom/1.49.1/grpc-bom-1.49.1.pom
[info] downloaded https://repo1.maven.org/maven2/io/netty/netty-bom/4.1.82.Final/netty-bom-4.1.82.Final.pom
[info] downloading https://repo1.maven.org/maven2/com/google/protobuf/protobuf-bom/3.19.6/protobuf-bom-3.19.6.pom
[info] downloaded https://repo1.maven.org/maven2/com/google/protobuf/protobuf-bom/3.19.6/protobuf-bom-3.19.6.pom
[info] downloading https://repo1.maven.org/maven2/com/google/flatbuffers/flatbuffers-java/1.12.0/flatbuffers-java-1.12.0.pom
[info] downloading https://repo1.maven.org/maven2/com/fasterxml/jackson/datatype/jackson-datatype-jsr310/2.15.1/jackson-datatype-jsr310-2.15.1.pom
[info] downloading https://repo1.maven.org/maven2/org/apache/arrow/arrow-format/12.0.1/arrow-format-12.0.1.pom
[info] downloading https://repo1.maven.org/maven2/org/apache/arrow/arrow-memory-core/12.0.1/arrow-memory-core-12.0.1.pom
[info] downloading https://repo1.maven.org/maven2/com/google/guava/guava/16.0.1/guava-16.0.1.pom
[info] downloaded https://repo1.maven.org/maven2/org/apache/arrow/arrow-memory-core/12.0.1/arrow-memory-core-12.0.1.pom
[info] downloaded https://repo1.maven.org/maven2/com/google/flatbuffers/flatbuffers-java/1.12.0/flatbuffers-java-1.12.0.pom
[info] downloaded https://repo1.maven.org/maven2/com/fasterxml/jackson/datatype/jackson-datatype-jsr310/2.15.1/jackson-datatype-jsr310-2.15.1.pom
[info] downloaded https://repo1.maven.org/maven2/com/google/guava/guava/16.0.1/guava-16.0.1.pom
[info] downloaded https://repo1.maven.org/maven2/org/apache/arrow/arrow-format/12.0.1/arrow-format-12.0.1.pom
[info] downloading https://repo1.maven.org/maven2/com/google/guava/guava-parent/16.0.1/guava-parent-16.0.1.pom
[info] downloading https://repo1.maven.org/maven2/com/fasterxml/jackson/module/jackson-modules-java8/2.15.1/jackson-modules-java8-2.15.1.pom
[info] downloaded https://repo1.maven.org/maven2/com/fasterxml/jackson/module/jackson-modules-java8/2.15.1/jackson-modules-java8-2.15.1.pom
[info] downloaded https://repo1.maven.org/maven2/com/google/guava/guava-parent/16.0.1/guava-parent-16.0.1.pom
[info] downloading https://repo1.maven.org/maven2/com/fasterxml/jackson/jackson-base/2.15.1/jackson-base-2.15.1.pom
[info] downloaded https://repo1.maven.org/maven2/com/fasterxml/jackson/jackson-base/2.15.1/jackson-base-2.15.1.pom
[info] downloading https://repo1.maven.org/maven2/org/scala-lang/scala-compiler/2.13.8/scala-compiler-2.13.8.pom
[info] downloaded https://repo1.maven.org/maven2/org/scala-lang/scala-compiler/2.13.8/scala-compiler-2.13.8.pom
[info] downloading https://repo1.maven.org/maven2/net/java/dev/jna/jna/5.9.0/jna-5.9.0.pom
[info] downloading https://repo1.maven.org/maven2/org/jline/jline/3.21.0/jline-3.21.0.pom
[info] downloaded https://repo1.maven.org/maven2/org/jline/jline/3.21.0/jline-3.21.0.pom
[info] downloaded https://repo1.maven.org/maven2/net/java/dev/jna/jna/5.9.0/jna-5.9.0.pom
[info] downloading https://repo1.maven.org/maven2/org/jline/jline-parent/3.21.0/jline-parent-3.21.0.pom
[info] downloaded https://repo1.maven.org/maven2/org/jline/jline-parent/3.21.0/jline-parent-3.21.0.pom
[info] shutting down sbt server
